INFO [2021-03-26 15:29:03] Species.
INFO [2021-03-26 15:29:03] Loop1.

[1] "s__Lactobacillus_buchneri"
[1] "k__Bacteria;p__Firmicutes;c__Bacilli;o__Lactobacillales;f__Lactobacillaceae;g__Lactobacillus;s__Lactobacillus_buchneri"     
[2] "k__Bacteria;p__Firmicutes;c__Bacilli;o__Lactobacillales;f__Lactobacillaceae;g__Lentilactobacillus;s__Lactobacillus_buchneri"
CORRECTED :
k__Bacteria;p__Firmicutes;c__Bacilli;o__Lactobacillales;f__Lactobacillaceae;g__Lactobacillus;s__Lactobacillus_buchneri

[1] "s__Acetivibrio_ethanolgignens"
[1] "k__Bacteria;p__Firmicutes;c__Clostridia;o__Clostridiales;f__Lachnospiraceae;g__Acetivibrio_ethanolgignens_group;s__Acetivibrio_ethanolgignens"
[2] "k__Bacteria;p__Firmicutes;c__Clostridia;o__Lachnospirales;f__Lachnospiraceae;g__Acetivibrio;s__Acetivibrio_ethanolgignens"                    
CORRECTED :
k__Bacteria;p__Firmicutes;c__Clostridia;o__Clostridiales;f__Lachnospiraceae;g__Acetivibrio_ethanolgignens_group;s__Acetivibrio_ethanolgignens

[1] "s__Eubacterium_ventriosum"
[1] "k__Bacteria;p__Firmicutes;c__Clostridia;o__Clostridiales;f__Lachnospiraceae;g__Eubacterium_ventriosum_group;s__Eubacterium_ventriosum"
[2] "k__Bacteria;p__Firmicutes;c__Clostridia;o__Lachnospirales;f__Lachnospiraceae;g__Eubacterium;s__Eubacterium_ventriosum"                
CORRECTED :
k__Bacteria;p__Firmicutes;c__Clostridia;o__Clostridiales;f__Lachnospiraceae;g__Eubacterium_ventriosum_group;s__Eubacterium_ventriosum

[1] "s__Glutamicibacter_arilaitensis"
[1] "k__Bacteria;p__Actinobacteria;c__Actinobacteria;o__Actinomycetales;f__Micrococcaceae;g__Glutamicibacter;s__Glutamicibacter_arilaitensis"
[2] "k__Bacteria;p__Actinobacteriota;c__Actinobacteria;o__Micrococcales;f__Micrococcaceae;g__Glutamicibacter;s__Glutamicibacter_arilaitensis"
CORRECTED :
k__Bacteria;p__Actinobacteria;c__Actinobacteria;o__Actinomycetales;f__Micrococcaceae;g__Glutamicibacter;s__Glutamicibacter_arilaitensis

[1] "s__Sphingobacterium_mizutaii"
[1] "k__Bacteria;p__Bacteroidetes;c__Sphingobacteriia;o__Sphingobacteriales;f__Sphingobacteriaceae;g__Sphingobacterium;s__Sphingobacterium_mizutaii"
[2] "k__Bacteria;p__Bacteroidota;c__Bacteroidia;o__Sphingobacteriales;f__Sphingobacteriaceae;g__Sphingobacterium;s__Sphingobacterium_mizutaii"      
CORRECTED :
k__Bacteria;p__Bacteroidetes;c__Sphingobacteriia;o__Sphingobacteriales;f__Sphingobacteriaceae;g__Sphingobacterium;s__Sphingobacterium_mizutaii

[1] "s__Anaerorhabdus_furcosa"
[1] "k__Bacteria;p__Firmicutes;c__Erysipelotrichia;o__Erysipelotrichales;f__Erysipelotrichaceae;g__Anaerorhabdus_furcosa_group;s__Anaerorhabdus_furcosa"
[2] "k__Bacteria;p__Firmicutes;c__Erysipelotrichia;o__Erysipelotrichales;f__Erysipelotrichaceae;g__Anaerorhabdus;s__Anaerorhabdus_furcosa"              
CORRECTED :
k__Bacteria;p__Firmicutes;c__Erysipelotrichia;o__Erysipelotrichales;f__Erysipelotrichaceae;g__Anaerorhabdus_furcosa_group;s__Anaerorhabdus_furcosa

[1] "s__Brevibacterium_antiquum"
[1] "k__Bacteria;p__Actinobacteriota;c__Actinobacteria;o__Actinomycetales;f__Brevibacteriaceae;g__Brevibacterium;s__Brevibacterium_antiquum"
[2] "k__Bacteria;p__Actinobacteriota;c__Actinobacteria;o__Micrococcales;f__Brevibacteriaceae;g__Brevibacterium;s__Brevibacterium_antiquum"  
CORRECTED :
k__Bacteria;p__Actinobacteriota;c__Actinobacteria;o__Actinomycetales;f__Brevibacteriaceae;g__Brevibacterium;s__Brevibacterium_antiquum
INFO [2021-03-26 15:29:21] Loop2.
INFO [2021-03-26 15:29:40] Genus.
INFO [2021-03-26 15:29:40] Loop1.

[1] "g__Microbacterium"
[1] "k__Bacteria;p__Actinobacteria;c__Actinobacteria;o__Micrococcales;f__Microbacteriaceae;g__Microbacterium"    
[2] "k__Bacteria;p__Actinobacteriota;c__Actinobacteria;o__Actinomycetales;f__Microbacteriaceae;g__Microbacterium"
CORRECTED :
k__Bacteria;p__Actinobacteria;c__Actinobacteria;o__Micrococcales;f__Microbacteriaceae;g__Microbacterium

[1] "g__Kocuria"
[1] "k__Bacteria;p__Actinobacteria;c__Actinobacteria;o__Actinomycetales;f__Micrococcaceae;g__Kocuria"  
[2] "k__Bacteria;p__Actinobacteriota;c__Actinobacteria;o__Actinomycetales;f__Micrococcaceae;g__Kocuria"
CORRECTED :
k__Bacteria;p__Actinobacteria;c__Actinobacteria;o__Actinomycetales;f__Micrococcaceae;g__Kocuria

[1] "g__Staphylococcus"
[1] "k__Bacteria;p__Firmicutes;c__Bacilli;o__Bacillales;f__Staphylococcaceae;g__Staphylococcus"      
[2] "k__Bacteria;p__Firmicutes;c__Bacilli;o__Staphylococcales;f__Staphylococcaceae;g__Staphylococcus"
CORRECTED :
k__Bacteria;p__Firmicutes;c__Bacilli;o__Bacillales;f__Staphylococcaceae;g__Staphylococcus

[1] "g__Leucobacter"
[1] "k__Bacteria;p__Actinobacteria;c__Actinobacteria;o__Micrococcales;f__Microbacteriaceae;g__Leucobacter"    
[2] "k__Bacteria;p__Actinobacteriota;c__Actinobacteria;o__Actinomycetales;f__Microbacteriaceae;g__Leucobacter"
CORRECTED :
k__Bacteria;p__Actinobacteria;c__Actinobacteria;o__Micrococcales;f__Microbacteriaceae;g__Leucobacter

[1] "g__Brachybacterium"
[1] "k__Bacteria;p__Actinobacteria;c__Actinobacteria;o__Micrococcales;f__Dermabacteraceae;g__Brachybacterium"    
[2] "k__Bacteria;p__Actinobacteriota;c__Actinobacteria;o__Actinomycetales;f__Dermabacteraceae;g__Brachybacterium"
CORRECTED :
k__Bacteria;p__Actinobacteria;c__Actinobacteria;o__Micrococcales;f__Dermabacteraceae;g__Brachybacterium

[1] "g__Paenibacillus"
[1] "k__Bacteria;p__Firmicutes;c__Bacilli;o__Bacillales;f__Paenibacillaceae;g__Paenibacillus"     
[2] "k__Bacteria;p__Firmicutes;c__Bacilli;o__Paenibacillales;f__Paenibacillaceae;g__Paenibacillus"
CORRECTED :
k__Bacteria;p__Firmicutes;c__Bacilli;o__Bacillales;f__Paenibacillaceae;g__Paenibacillus

[1] "g__Jeotgalicoccus"
[1] "k__Bacteria;p__Firmicutes;c__Bacilli;o__Bacillales;f__Staphylococcaceae;g__Jeotgalicoccus"    
[2] "k__Bacteria;p__Firmicutes;c__Bacilli;o__Staphylococcales;f__Salinicoccaceae;g__Jeotgalicoccus"
CORRECTED :
k__Bacteria;p__Firmicutes;c__Bacilli;o__Bacillales;f__Staphylococcaceae;g__Jeotgalicoccus

[1] "g__Weissella"
[1] "k__Bacteria;p__Firmicutes;c__Bacilli;o__Lactobacillales;f__Leuconostocaceae;g__Weissella"
[2] "k__Bacteria;p__Firmicutes;c__Bacilli;o__Lactobacillales;f__Lactobacillaceae;g__Weissella"
CORRECTED :
k__Bacteria;p__Firmicutes;c__Bacilli;o__Lactobacillales;f__Leuconostocaceae;g__Weissella

[1] "g__Leuconostoc"
[1] "k__Bacteria;p__Firmicutes;c__Bacilli;o__Lactobacillales;f__Leuconostocaceae;g__Leuconostoc"
[2] "k__Bacteria;p__Firmicutes;c__Bacilli;o__Lactobacillales;f__Lactobacillaceae;g__Leuconostoc"
CORRECTED :
k__Bacteria;p__Firmicutes;c__Bacilli;o__Lactobacillales;f__Leuconostocaceae;g__Leuconostoc

[1] "g__Mogibacterium"
[1] "k__Bacteria;p__Firmicutes;c__Clostridia;o__Clostridiales;f__Clostridiales_Family_XIII;g__Mogibacterium"
[2] "k__Bacteria;p__Firmicutes;c__Clostridia;o__Peptostreptococcales;f__Anaerovoracaceae;g__Mogibacterium"  
CORRECTED :
k__Bacteria;p__Firmicutes;c__Clostridia;o__Clostridiales;f__Clostridiales_Family_XIII;g__Mogibacterium

[1] "g__Corynebacterium"
[1] "k__Bacteria;p__Actinobacteria;c__Actinobacteria;o__Corynebacteriales;f__Corynebacteriaceae;g__Corynebacterium"
[2] "k__Bacteria;p__Actinobacteriota;c__Actinobacteria;o__Mycobacteriales;f__Mycobacteriaceae;g__Corynebacterium"  
CORRECTED :
k__Bacteria;p__Actinobacteria;c__Actinobacteria;o__Corynebacteriales;f__Corynebacteriaceae;g__Corynebacterium

[1] "g__Rhizobacter"
[1] "k__Bacteria;p__Proteobacteria;c__Betaproteobacteria;o__Burkholderiales;f__Comamonadaceae;g__Rhizobacter"   
[2] "k__Bacteria;p__Proteobacteria;c__Gammaproteobacteria;o__Burkholderiales;f__Burkholderiaceae;g__Rhizobacter"
CORRECTED :
k__Bacteria;p__Proteobacteria;c__Betaproteobacteria;o__Burkholderiales;f__Comamonadaceae;g__Rhizobacter

[1] "g__Pedobacter"
[1] "k__Bacteria;p__Bacteroidetes;c__Sphingobacteriia;o__Sphingobacteriales;f__Sphingobacteriaceae;g__Pedobacter"
[2] "k__Bacteria;p__Bacteroidota;c__Bacteroidia;o__Sphingobacteriales;f__Sphingobacteriaceae;g__Pedobacter"      
CORRECTED :
k__Bacteria;p__Bacteroidetes;c__Sphingobacteriia;o__Sphingobacteriales;f__Sphingobacteriaceae;g__Pedobacter

[1] "g__Clostridium"
[1] "k__Bacteria;p__Firmicutes;c__Clostridia;o__Clostridiales;f__Clostridiaceae;g__Clostridium"  
[2] "k__Bacteria;p__Firmicutes;c__Clostridia;o__Lachnospirales;f__Lachnospiraceae;g__Clostridium"
CORRECTED :
k__Bacteria;p__Firmicutes;c__Clostridia;o__Clostridiales;f__Clostridiaceae;g__Clostridium

[1] "g__Flavobacterium"
[1] "k__Bacteria;p__Bacteroidetes;c__Flavobacteriia;o__Flavobacteriales;f__Flavobacteriaceae;g__Flavobacterium"
[2] "k__Bacteria;p__Bacteroidota;c__Bacteroidia;o__Flavobacteriales;f__Flavobacteriaceae;g__Flavobacterium"    
CORRECTED :
k__Bacteria;p__Bacteroidetes;c__Flavobacteriia;o__Flavobacteriales;f__Flavobacteriaceae;g__Flavobacterium

[1] "g__Streptomyces"
[1] "k__Bacteria;p__Actinobacteria;c__Actinobacteria;o__Streptomycetales;f__Streptomycetaceae;g__Streptomyces"  
[2] "k__Bacteria;p__Actinobacteriota;c__Actinobacteria;o__Streptomycetales;f__Streptomycetaceae;g__Streptomyces"
CORRECTED :
k__Bacteria;p__Actinobacteria;c__Actinobacteria;o__Streptomycetales;f__Streptomycetaceae;g__Streptomyces

[1] "g__Brevibacterium"
[1] "k__Bacteria;p__Actinobacteria;c__Actinobacteria;o__Micrococcales;f__Brevibacteriaceae;g__Brevibacterium"    
[2] "k__Bacteria;p__Actinobacteriota;c__Actinobacteria;o__Actinomycetales;f__Brevibacteriaceae;g__Brevibacterium"
CORRECTED :
k__Bacteria;p__Actinobacteria;c__Actinobacteria;o__Micrococcales;f__Brevibacteriaceae;g__Brevibacterium

[1] "g__Dysgonomonas"
[1] "k__Bacteria;p__Bacteroidetes;c__Bacteroidia;o__Bacteroidales;f__Porphyromonadaceae;g__Dysgonomonas"
[2] "k__Bacteria;p__Bacteroidota;c__Bacteroidia;o__Bacteroidales;f__Dysgonomonadaceae;g__Dysgonomonas"  
CORRECTED :
k__Bacteria;p__Bacteroidetes;c__Bacteroidia;o__Bacteroidales;f__Porphyromonadaceae;g__Dysgonomonas

[1] "g__Actinomyces"
[1] "k__Bacteria;p__Actinobacteria;c__Actinobacteria;o__Actinomycetales;f__Actinomycetaceae;g__Actinomyces"  
[2] "k__Bacteria;p__Actinobacteriota;c__Actinobacteria;o__Actinomycetales;f__Actinomycetaceae;g__Actinomyces"
CORRECTED :
k__Bacteria;p__Actinobacteria;c__Actinobacteria;o__Actinomycetales;f__Actinomycetaceae;g__Actinomyces

[1] "g__Eubacterium"
[1] "k__Bacteria;p__Firmicutes;c__Clostridia;o__Clostridiales;f__Eubacteriaceae;g__Eubacterium"  
[2] "k__Bacteria;p__Firmicutes;c__Clostridia;o__Lachnospirales;f__Lachnospiraceae;g__Eubacterium"
CORRECTED :
k__Bacteria;p__Firmicutes;c__Clostridia;o__Clostridiales;f__Eubacteriaceae;g__Eubacterium

[1] "g__Romboutsia"
[1] "k__Bacteria;p__Firmicutes;c__Clostridia;o__Clostridiales;f__Peptostreptococcaceae;g__Romboutsia"       
[2] "k__Bacteria;p__Firmicutes;c__Clostridia;o__Peptostreptococcales;f__Peptostreptococcaceae;g__Romboutsia"
CORRECTED :
k__Bacteria;p__Firmicutes;c__Clostridia;o__Clostridiales;f__Peptostreptococcaceae;g__Romboutsia

[1] "g__Fusobacterium"
[1] "k__Bacteria;p__Fusobacteria;c__Fusobacteriia;o__Fusobacteriales;f__Fusobacteriaceae;g__Fusobacterium"  
[2] "k__Bacteria;p__Fusobacteriota;c__Fusobacteriia;o__Fusobacteriales;f__Fusobacteriaceae;g__Fusobacterium"
CORRECTED :
k__Bacteria;p__Fusobacteria;c__Fusobacteriia;o__Fusobacteriales;f__Fusobacteriaceae;g__Fusobacterium

[1] "g__Rhodoferax"
[1] "k__Bacteria;p__Proteobacteria;c__Betaproteobacteria;o__Burkholderiales;f__Comamonadaceae;g__Rhodoferax"   
[2] "k__Bacteria;p__Proteobacteria;c__Gammaproteobacteria;o__Burkholderiales;f__Burkholderiaceae;g__Rhodoferax"
CORRECTED :
k__Bacteria;p__Proteobacteria;c__Betaproteobacteria;o__Burkholderiales;f__Comamonadaceae;g__Rhodoferax

[1] "g__Vibrio"
[1] "k__Bacteria;p__Proteobacteria;c__Gammaproteobacteria;o__Vibrionales;f__Vibrionaceae;g__Vibrio"     
[2] "k__Bacteria;p__Proteobacteria;c__Gammaproteobacteria;o__Enterobacterales;f__Vibrionaceae;g__Vibrio"
CORRECTED :
k__Bacteria;p__Proteobacteria;c__Gammaproteobacteria;o__Vibrionales;f__Vibrionaceae;g__Vibrio

[1] "g__Pseudoalteromonas"
[1] "k__Bacteria;p__Proteobacteria;c__Gammaproteobacteria;o__Alteromonadales;f__Pseudoalteromonadaceae;g__Pseudoalteromonas"
[2] "k__Bacteria;p__Proteobacteria;c__Gammaproteobacteria;o__Enterobacterales;f__Alteromonadaceae;g__Pseudoalteromonas"     
CORRECTED :
k__Bacteria;p__Proteobacteria;c__Gammaproteobacteria;o__Alteromonadales;f__Pseudoalteromonadaceae;g__Pseudoalteromonas

[1] "g__Dietzia"
[1] "k__Bacteria;p__Actinobacteria;c__Actinobacteria;o__Corynebacteriales;f__Dietziaceae;g__Dietzia"     
[2] "k__Bacteria;p__Actinobacteriota;c__Actinobacteria;o__Mycobacteriales;f__Mycobacteriaceae;g__Dietzia"
CORRECTED :
k__Bacteria;p__Actinobacteria;c__Actinobacteria;o__Corynebacteriales;f__Dietziaceae;g__Dietzia

[1] "g__Yersinia"
[1] "k__Bacteria;p__Proteobacteria;c__Gammaproteobacteria;o__Enterobacteriales;f__Enterobacteriaceae;g__Yersinia"
[2] "k__Bacteria;p__Proteobacteria;c__Gammaproteobacteria;o__Enterobacterales;f__Yersiniaceae;g__Yersinia"       
CORRECTED :
k__Bacteria;p__Proteobacteria;c__Gammaproteobacteria;o__Enterobacteriales;f__Enterobacteriaceae;g__Yersinia

[1] "g__Marinobacter"
[1] "k__Bacteria;p__Proteobacteria;c__Gammaproteobacteria;o__Alteromonadales;f__Alteromonadaceae;g__Marinobacter"
[2] "k__Bacteria;p__Proteobacteria;c__Gammaproteobacteria;o__Pseudomonadales;f__Oleiphilaceae;g__Marinobacter"   
CORRECTED :
k__Bacteria;p__Proteobacteria;c__Gammaproteobacteria;o__Alteromonadales;f__Alteromonadaceae;g__Marinobacter

[1] "g__Agrococcus"
[1] "k__Bacteria;p__Actinobacteria;c__Actinobacteria;o__Micrococcales;f__Microbacteriaceae;g__Agrococcus"    
[2] "k__Bacteria;p__Actinobacteriota;c__Actinobacteria;o__Actinomycetales;f__Microbacteriaceae;g__Agrococcus"
CORRECTED :
k__Bacteria;p__Actinobacteria;c__Actinobacteria;o__Micrococcales;f__Microbacteriaceae;g__Agrococcus

[1] "g__Promicromonospora"
[1] "k__Bacteria;p__Actinobacteria;c__Actinobacteria;o__Micrococcales;f__Promicromonosporaceae;g__Promicromonospora"
[2] "k__Bacteria;p__Actinobacteriota;c__Actinobacteria;o__Actinomycetales;f__Cellulomonadaceae;g__Promicromonospora"
CORRECTED :
k__Bacteria;p__Actinobacteria;c__Actinobacteria;o__Micrococcales;f__Promicromonosporaceae;g__Promicromonospora

[1] "g__Salinicoccus"
[1] "k__Bacteria;p__Firmicutes;c__Bacilli;o__Bacillales;f__Staphylococcaceae;g__Salinicoccus"    
[2] "k__Bacteria;p__Firmicutes;c__Bacilli;o__Staphylococcales;f__Salinicoccaceae;g__Salinicoccus"
CORRECTED :
k__Bacteria;p__Firmicutes;c__Bacilli;o__Bacillales;f__Staphylococcaceae;g__Salinicoccus

[1] "g__Nesterenkonia"
[1] "k__Bacteria;p__Actinobacteria;c__Actinobacteria;o__Actinomycetales;f__Micrococcaceae;g__Nesterenkonia"  
[2] "k__Bacteria;p__Actinobacteriota;c__Actinobacteria;o__Actinomycetales;f__Micrococcaceae;g__Nesterenkonia"
CORRECTED :
k__Bacteria;p__Actinobacteria;c__Actinobacteria;o__Actinomycetales;f__Micrococcaceae;g__Nesterenkonia

[1] "g__Flaviflexus"
[1] "k__Bacteria;p__Actinobacteria;c__Actinobacteria;o__Actinomycetales;f__Actinomycetaceae;g__Flaviflexus"  
[2] "k__Bacteria;p__Actinobacteriota;c__Actinobacteria;o__Actinomycetales;f__Actinomycetaceae;g__Flaviflexus"
CORRECTED :
k__Bacteria;p__Actinobacteria;c__Actinobacteria;o__Actinomycetales;f__Actinomycetaceae;g__Flaviflexus

[1] "g__Peptoniphilus"
[1] "k__Bacteria;p__Firmicutes;c__Clostridia;o__Clostridiales;f__Peptoniphilaceae;g__Peptoniphilus" 
[2] "k__Bacteria;p__Firmicutes;c__Clostridia;o__Tissierellales;f__Peptoniphilaceae;g__Peptoniphilus"
CORRECTED :
k__Bacteria;p__Firmicutes;c__Clostridia;o__Clostridiales;f__Peptoniphilaceae;g__Peptoniphilus

[1] "g__Halomonas"
[1] "k__Bacteria;p__Proteobacteria;c__Gammaproteobacteria;o__Oceanospirillales;f__Halomonadaceae;g__Halomonas"
[2] "k__Bacteria;p__Proteobacteria;c__Gammaproteobacteria;o__Pseudomonadales;f__Halomonadaceae;g__Halomonas"  
CORRECTED :
k__Bacteria;p__Proteobacteria;c__Gammaproteobacteria;o__Oceanospirillales;f__Halomonadaceae;g__Halomonas

[1] "g__Pantoea"
[1] "k__Bacteria;p__Proteobacteria;c__Gammaproteobacteria;o__Enterobacteriales;f__Enterobacteriaceae;g__Pantoea"
[2] "k__Bacteria;p__Proteobacteria;c__Gammaproteobacteria;o__Enterobacterales;f__Enterobacteriaceae;g__Pantoea" 
CORRECTED :
k__Bacteria;p__Proteobacteria;c__Gammaproteobacteria;o__Enterobacteriales;f__Enterobacteriaceae;g__Pantoea

[1] "g__Arthrobacter"
[1] "k__Bacteria;p__Actinobacteria;c__Actinobacteria;o__Actinomycetales;f__Micrococcaceae;g__Arthrobacter"  
[2] "k__Bacteria;p__Actinobacteriota;c__Actinobacteria;o__Actinomycetales;f__Micrococcaceae;g__Arthrobacter"
CORRECTED :
k__Bacteria;p__Actinobacteria;c__Actinobacteria;o__Actinomycetales;f__Micrococcaceae;g__Arthrobacter

[1] "g__Macrococcus"
[1] "k__Bacteria;p__Firmicutes;c__Bacilli;o__Bacillales;f__Staphylococcaceae;g__Macrococcus"      
[2] "k__Bacteria;p__Firmicutes;c__Bacilli;o__Staphylococcales;f__Staphylococcaceae;g__Macrococcus"
CORRECTED :
k__Bacteria;p__Firmicutes;c__Bacilli;o__Bacillales;f__Staphylococcaceae;g__Macrococcus

[1] "g__Tessaracoccus"
[1] "k__Bacteria;p__Actinobacteria;c__Actinobacteria;o__Propionibacteriales;f__Propionibacteriaceae;g__Tessaracoccus"  
[2] "k__Bacteria;p__Actinobacteriota;c__Actinobacteria;o__Propionibacteriales;f__Propionibacteriaceae;g__Tessaracoccus"
CORRECTED :
k__Bacteria;p__Actinobacteria;c__Actinobacteria;o__Propionibacteriales;f__Propionibacteriaceae;g__Tessaracoccus

[1] "g__Janibacter"
[1] "k__Bacteria;p__Actinobacteria;c__Actinobacteria;o__Actinomycetales;f__Intrasporangiaceae;g__Janibacter"
[2] "k__Bacteria;p__Actinobacteriota;c__Actinobacteria;o__Actinomycetales;f__Dermatophilaceae;g__Janibacter"
CORRECTED :
k__Bacteria;p__Actinobacteria;c__Actinobacteria;o__Actinomycetales;f__Intrasporangiaceae;g__Janibacter

[1] "g__Paraclostridium"
[1] "k__Bacteria;p__Firmicutes;c__Clostridia;o__Clostridiales;f__Peptostreptococcaceae;g__Paraclostridium"       
[2] "k__Bacteria;p__Firmicutes;c__Clostridia;o__Peptostreptococcales;f__Peptostreptococcaceae;g__Paraclostridium"
CORRECTED :
k__Bacteria;p__Firmicutes;c__Clostridia;o__Clostridiales;f__Peptostreptococcaceae;g__Paraclostridium

[1] "g__Diaphorobacter"
[1] "k__Bacteria;p__Proteobacteria;c__Betaproteobacteria;o__Burkholderiales;f__Comamonadaceae;g__Diaphorobacter"   
[2] "k__Bacteria;p__Proteobacteria;c__Gammaproteobacteria;o__Burkholderiales;f__Burkholderiaceae;g__Diaphorobacter"
CORRECTED :
k__Bacteria;p__Proteobacteria;c__Betaproteobacteria;o__Burkholderiales;f__Comamonadaceae;g__Diaphorobacter

[1] "g__Afipia"
[1] "k__Bacteria;p__Proteobacteria;c__Alphaproteobacteria;o__Rhizobiales;f__Bradyrhizobiaceae;g__Afipia"
[2] "k__Bacteria;p__Proteobacteria;c__Alphaproteobacteria;o__Rhizobiales;f__Xanthobacteraceae;g__Afipia"
CORRECTED :
k__Bacteria;p__Proteobacteria;c__Alphaproteobacteria;o__Rhizobiales;f__Bradyrhizobiaceae;g__Afipia

[1] "g__Bartonella"
[1] "k__Bacteria;p__Proteobacteria;c__Alphaproteobacteria;o__Rhizobiales;f__Bartonellaceae;g__Bartonella"
[2] "k__Bacteria;p__Proteobacteria;c__Alphaproteobacteria;o__Rhizobiales;f__Rhizobiaceae;g__Bartonella"  
CORRECTED :
k__Bacteria;p__Proteobacteria;c__Alphaproteobacteria;o__Rhizobiales;f__Bartonellaceae;g__Bartonella

[1] "g__Enhydrobacter"
[1] "k__Bacteria;p__Proteobacteria;c__Gammaproteobacteria;o__Pseudomonadales;f__Moraxellaceae;g__Enhydrobacter"
[2] "k__Bacteria;p__Proteobacteria;c__Alphaproteobacteria;o__Reyranellales;f__Reyranellaceae;g__Enhydrobacter" 
CORRECTED :
k__Bacteria;p__Proteobacteria;c__Alphaproteobacteria;o__Reyranellales;f__Reyranellaceae;g__Enhydrobacter

[1] "g__Rothia"
[1] "k__Bacteria;p__Actinobacteria;c__Actinobacteria;o__Actinomycetales;f__Micrococcaceae;g__Rothia"  
[2] "k__Bacteria;p__Actinobacteriota;c__Actinobacteria;o__Actinomycetales;f__Micrococcaceae;g__Rothia"
CORRECTED :
k__Bacteria;p__Actinobacteria;c__Actinobacteria;o__Actinomycetales;f__Micrococcaceae;g__Rothia

[1] "g__Enterobacter"
[1] "k__Bacteria;p__Proteobacteria;c__Gammaproteobacteria;o__Enterobacteriales;f__Enterobacteriaceae;g__Enterobacter"
[2] "k__Bacteria;p__Proteobacteria;c__Gammaproteobacteria;o__Enterobacterales;f__Enterobacteriaceae;g__Enterobacter" 
CORRECTED :
k__Bacteria;p__Proteobacteria;c__Gammaproteobacteria;o__Enterobacteriales;f__Enterobacteriaceae;g__Enterobacter

[1] "g__Chromohalobacter"
[1] "k__Bacteria;p__Proteobacteria;c__Gammaproteobacteria;o__Oceanospirillales;f__Halomonadaceae;g__Chromohalobacter"
[2] "k__Bacteria;p__Proteobacteria;c__Gammaproteobacteria;o__Pseudomonadales;f__Halomonadaceae;g__Chromohalobacter"  
CORRECTED :
k__Bacteria;p__Proteobacteria;c__Gammaproteobacteria;o__Oceanospirillales;f__Halomonadaceae;g__Chromohalobacter

[1] "g__Chryseobacterium"
[1] "k__Bacteria;p__Bacteroidetes;c__Flavobacteriia;o__Flavobacteriales;f__Flavobacteriaceae;g__Chryseobacterium"
[2] "k__Bacteria;p__Bacteroidota;c__Bacteroidia;o__Flavobacteriales;f__Weeksellaceae;g__Chryseobacterium"        
CORRECTED :
k__Bacteria;p__Bacteroidetes;c__Flavobacteriia;o__Flavobacteriales;f__Flavobacteriaceae;g__Chryseobacterium

[1] "g__Curvibacter"
[1] "k__Bacteria;p__Proteobacteria;c__Betaproteobacteria;o__Burkholderiales;f__Comamonadaceae;g__Curvibacter"   
[2] "k__Bacteria;p__Proteobacteria;c__Gammaproteobacteria;o__Burkholderiales;f__Burkholderiaceae;g__Curvibacter"
CORRECTED :
k__Bacteria;p__Proteobacteria;c__Betaproteobacteria;o__Burkholderiales;f__Comamonadaceae;g__Curvibacter

[1] "g__Tatumella"
[1] "k__Bacteria;p__Proteobacteria;c__Gammaproteobacteria;o__Enterobacteriales;f__Enterobacteriaceae;g__Tatumella"
[2] "k__Bacteria;p__Proteobacteria;c__Gammaproteobacteria;o__Enterobacterales;f__Enterobacteriaceae;g__Tatumella" 
CORRECTED :
k__Bacteria;p__Proteobacteria;c__Gammaproteobacteria;o__Enterobacterales;f__Enterobacteriaceae;g__Tatumella

[1] "g__Kytococcus"
[1] "k__Bacteria;p__Actinobacteria;c__Actinobacteria;o__Actinomycetales;f__Dermacoccaceae;g__Kytococcus"    
[2] "k__Bacteria;p__Actinobacteriota;c__Actinobacteria;o__Actinomycetales;f__Dermatophilaceae;g__Kytococcus"
CORRECTED :
k__Bacteria;p__Actinobacteriota;c__Actinobacteria;o__Actinomycetales;f__Dermatophilaceae;g__Kytococcus

[1] "g__Burkholderia"
[1] "k__Bacteria;p__Proteobacteria;c__Betaproteobacteria;o__Burkholderiales;f__Burkholderiaceae;g__Burkholderia" 
[2] "k__Bacteria;p__Proteobacteria;c__Gammaproteobacteria;o__Burkholderiales;f__Burkholderiaceae;g__Burkholderia"
CORRECTED :
k__Bacteria;p__Proteobacteria;c__Betaproteobacteria;o__Burkholderiales;f__Burkholderiaceae;g__Burkholderia

[1] "g__Gulosibacter"
[1] "k__Bacteria;p__Actinobacteria;c__Actinobacteria;o__Micrococcales;f__Microbacteriaceae;g__Gulosibacter"    
[2] "k__Bacteria;p__Actinobacteriota;c__Actinobacteria;o__Actinomycetales;f__Microbacteriaceae;g__Gulosibacter"
CORRECTED :
k__Bacteria;p__Actinobacteria;c__Actinobacteria;o__Micrococcales;f__Microbacteriaceae;g__Gulosibacter

[1] "g__Terrisporobacter"
[1] "k__Bacteria;p__Firmicutes;c__Clostridia;o__Clostridiales;f__Peptostreptoccocaceae;g__Terrisporobacter"       
[2] "k__Bacteria;p__Firmicutes;c__Clostridia;o__Peptostreptococcales;f__Peptostreptococcaceae;g__Terrisporobacter"
CORRECTED :
k__Bacteria;p__Firmicutes;c__Clostridia;o__Clostridiales;f__Peptostreptoccocaceae;g__Terrisporobacter

[1] "g__Polynucleobacter"
[1] "k__Bacteria;p__Proteobacteria;c__Betaproteobacteria;o__Burkholderiales;f__Burkholderiaceae;g__Polynucleobacter" 
[2] "k__Bacteria;p__Proteobacteria;c__Gammaproteobacteria;o__Burkholderiales;f__Burkholderiaceae;g__Polynucleobacter"
CORRECTED :
k__Bacteria;p__Proteobacteria;c__Gammaproteobacteria;o__Burkholderiales;f__Burkholderiaceae;g__Polynucleobacter

[1] "g__Nocardiopsis"
[1] "k__Bacteria;p__Actinobacteria;c__Actinobacteria;o__Streptosporangiales;f__Nocardiopsaceae;g__Nocardiopsis"       
[2] "k__Bacteria;p__Actinobacteriota;c__Actinobacteria;o__Streptosporangiales;f__Streptosporangiaceae;g__Nocardiopsis"
CORRECTED :
k__Bacteria;p__Actinobacteria;c__Actinobacteria;o__Streptosporangiales;f__Nocardiopsaceae;g__Nocardiopsis

[1] "g__Serinicoccus"
[1] "k__Bacteria;p__Actinobacteria;c__Actinobacteria;o__Actinomycetales;f__Intrasporangiaceae;g__Serinicoccus"
[2] "k__Bacteria;p__Actinobacteriota;c__Actinobacteria;o__Actinomycetales;f__Dermatophilaceae;g__Serinicoccus"
CORRECTED :
k__Bacteria;p__Actinobacteriota;c__Actinobacteria;o__Actinomycetales;f__Dermatophilaceae;g__Serinicoccus
INFO [2021-03-26 15:29:43] Loop2.
INFO [2021-03-26 15:29:46] Family.
INFO [2021-03-26 15:29:46] Loop1.

[1] "f__Ruminococcaceae"
[1] "k__Bacteria;p__Firmicutes;c__Clostridia;o__Clostridiales;f__Ruminococcaceae"  
[2] "k__Bacteria;p__Firmicutes;c__Clostridia;o__Oscillospirales;f__Ruminococcaceae"
CORRECTED :
k__Bacteria;p__Firmicutes;c__Clostridia;o__Clostridiales;f__Ruminococcaceae

[1] "f__Microbacteriaceae"
[1] "k__Bacteria;p__Actinobacteria;c__Actinobacteria;o__Micrococcales;f__Microbacteriaceae"    
[2] "k__Bacteria;p__Actinobacteriota;c__Actinobacteria;o__Actinomycetales;f__Microbacteriaceae"
CORRECTED :
k__Bacteria;p__Actinobacteria;c__Actinobacteria;o__Micrococcales;f__Microbacteriaceae

[1] "f__Micrococcaceae"
[1] "k__Bacteria;p__Actinobacteria;c__Actinobacteria;o__Actinomycetales;f__Micrococcaceae"  
[2] "k__Bacteria;p__Actinobacteriota;c__Actinobacteria;o__Actinomycetales;f__Micrococcaceae"
CORRECTED :
k__Bacteria;p__Actinobacteria;c__Actinobacteria;o__Actinomycetales;f__Micrococcaceae

[1] "f__Erysipelotrichaceae"
[1] "k__Bacteria;p__Firmicutes;c__Erysipelotrichia;o__Erysipelotrichales;f__Erysipelotrichaceae"
[2] "k__Bacteria;p__Firmicutes;c__Bacilli;o__Erysipelotrichales;f__Erysipelotrichaceae"         
CORRECTED :
k__Bacteria;p__Firmicutes;c__Erysipelotrichia;o__Erysipelotrichales;f__Erysipelotrichaceae

[1] "f__Enterobacteriaceae"
[1] "k__Bacteria;p__Proteobacteria;c__Gammaproteobacteria;o__Enterobacteriales;f__Enterobacteriaceae"
[2] "k__Bacteria;p__Proteobacteria;c__Gammaproteobacteria;o__Enterobacterales;f__Enterobacteriaceae" 
CORRECTED :
k__Bacteria;p__Proteobacteria;c__Gammaproteobacteria;o__Enterobacteriales;f__Enterobacteriaceae

[1] "f__Lachnospiraceae"
[1] "k__Bacteria;p__Firmicutes;c__Clostridia;o__Clostridiales;f__Lachnospiraceae" 
[2] "k__Bacteria;p__Firmicutes;c__Clostridia;o__Lachnospirales;f__Lachnospiraceae"
CORRECTED :
k__Bacteria;p__Firmicutes;c__Clostridia;o__Clostridiales;f__Lachnospiraceae

[1] "f__Rikenellaceae"
[1] "k__Bacteria;p__Bacteroidetes;c__Bacteroidia;o__Bacteroidales;f__Rikenellaceae"
[2] "k__Bacteria;p__Bacteroidota;c__Bacteroidia;o__Bacteroidales;f__Rikenellaceae" 
CORRECTED :
k__Bacteria;p__Bacteroidetes;c__Bacteroidia;o__Bacteroidales;f__Rikenellaceae

[1] "f__Peptostreptococcaceae"
[1] "k__Bacteria;p__Firmicutes;c__Clostridia;o__Clostridiales;f__Peptostreptococcaceae"       
[2] "k__Bacteria;p__Firmicutes;c__Clostridia;o__Peptostreptococcales;f__Peptostreptococcaceae"
CORRECTED :
k__Bacteria;p__Firmicutes;c__Clostridia;o__Clostridiales;f__Peptostreptococcaceae

[1] "f__Cyclobacteriaceae"
[1] "k__Bacteria;p__Bacteroidetes;c__Cytophagia;o__Cytophagales;f__Cyclobacteriaceae"
[2] "k__Bacteria;p__Bacteroidota;c__Bacteroidia;o__Cytophagales;f__Cyclobacteriaceae"
CORRECTED :
k__Bacteria;p__Bacteroidetes;c__Cytophagia;o__Cytophagales;f__Cyclobacteriaceae

[1] "f__Burkholderiaceae"
[1] "k__Bacteria;p__Proteobacteria;c__Betaproteobacteria;o__Burkholderiales;f__Burkholderiaceae" 
[2] "k__Bacteria;p__Proteobacteria;c__Gammaproteobacteria;o__Burkholderiales;f__Burkholderiaceae"
CORRECTED :
k__Bacteria;p__Proteobacteria;c__Betaproteobacteria;o__Burkholderiales;f__Burkholderiaceae

[1] "f__Acetobacteraceae"
[1] "k__Bacteria;p__Proteobacteria;c__Alphaproteobacteria;o__Rhizobiales;f__Acetobacteraceae"    
[2] "k__Bacteria;p__Proteobacteria;c__Alphaproteobacteria;o__Acetobacterales;f__Acetobacteraceae"
CORRECTED :
k__Bacteria;p__Proteobacteria;c__Alphaproteobacteria;o__Rhizobiales;f__Acetobacteraceae

[1] "f__Bacteroidaceae"
[1] "k__Bacteria;p__Bacteroidetes;c__Bacteroidia;o__Bacteroidales;f__Bacteroidaceae"
[2] "k__Bacteria;p__Bacteroidota;c__Bacteroidia;o__Bacteroidales;f__Bacteroidaceae" 
CORRECTED :
k__Bacteria;p__Bacteroidetes;c__Bacteroidia;o__Bacteroidales;f__Bacteroidaceae

[1] "f__Actinomycetaceae"
[1] "k__Bacteria;p__Actinobacteria;c__Actinobacteria;o__Actinomycetales;f__Actinomycetaceae"  
[2] "k__Bacteria;p__Actinobacteriota;c__Actinobacteria;o__Actinomycetales;f__Actinomycetaceae"
CORRECTED :
k__Bacteria;p__Actinobacteria;c__Actinobacteria;o__Actinomycetales;f__Actinomycetaceae

[1] "f__Helicobacteraceae"
[1] "k__Bacteria;p__Proteobacteria;c__Epsilonproteobacteria;o__Campylobacterales;f__Helicobacteraceae"
[2] "k__Bacteria;p__Campylobacterota;c__Campylobacteria;o__Campylobacterales;f__Helicobacteraceae"    
CORRECTED :
k__Bacteria;p__Proteobacteria;c__Epsilonproteobacteria;o__Campylobacterales;f__Helicobacteraceae

[1] "f__Cellulomonadaceae"
[1] "k__Bacteria;p__Actinobacteria;c__Actinobacteria;o__Micrococcales;f__Cellulomonadaceae"    
[2] "k__Bacteria;p__Actinobacteriota;c__Actinobacteria;o__Actinomycetales;f__Cellulomonadaceae"
CORRECTED :
k__Bacteria;p__Actinobacteria;c__Actinobacteria;o__Micrococcales;f__Cellulomonadaceae

[1] "f__Pseudonocardiaceae"
[1] "k__Bacteria;p__Actinobacteria;c__Actinobacteria;o__Pseudonocardiales;f__Pseudonocardiaceae"
[2] "k__Bacteria;p__Actinobacteriota;c__Actinobacteria;o__Mycobacteriales;f__Pseudonocardiaceae"
CORRECTED :
k__Bacteria;p__Actinobacteria;c__Actinobacteria;o__Pseudonocardiales;f__Pseudonocardiaceae

[1] "f__Dermatophilaceae"
[1] "k__Bacteria;p__Actinobacteria;c__Actinobacteria;o__Micrococcales;f__Dermatophilaceae"    
[2] "k__Bacteria;p__Actinobacteriota;c__Actinobacteria;o__Actinomycetales;f__Dermatophilaceae"
CORRECTED :
k__Bacteria;p__Actinobacteriota;c__Actinobacteria;o__Actinomycetales;f__Dermatophilaceae
INFO [2021-03-26 15:29:47] Loop2.
INFO [2021-03-26 15:29:47] Order.
INFO [2021-03-26 15:29:47] Loop1.

[1] "o__Actinomycetales"
[1] "k__Bacteria;p__Actinobacteria;c__Actinobacteria;o__Actinomycetales"  
[2] "k__Bacteria;p__Actinobacteriota;c__Actinobacteria;o__Actinomycetales"
CORRECTED :
k__Bacteria;p__Actinobacteria;c__Actinobacteria;o__Actinomycetales

[1] "o__Campylobacterales"
[1] "k__Bacteria;p__Proteobacteria;c__Epsilonproteobacteria;o__Campylobacterales"
[2] "k__Bacteria;p__Campylobacterota;c__Campylobacteria;o__Campylobacterales"    
CORRECTED :
k__Bacteria;p__Proteobacteria;c__Epsilonproteobacteria;o__Campylobacterales
INFO [2021-03-26 15:29:47] Loop2.
INFO [2021-03-26 15:29:47] Class.
INFO [2021-03-26 15:29:47] Loop1.
INFO [2021-03-26 15:29:47] Phylum.
INFO [2021-03-26 15:29:47] Loop1.
